⨯ Error: Missing NEXT_PUBLIC_SUPABASE_URL for the server Supabase client.
    at d (C:\Users\HP VICTUS\HenryCo\apps\property\.next\server\chunks\ssr\_fc8c4837._.js:4:4305)
    at t (C:\Users\HP VICTUS\HenryCo\apps\property\.next\server\chunks\ssr\_fc8c4837._.js:62:5277)
    at async u (C:\Users\HP VICTUS\HenryCo\apps\property\.next\server\chunks\ssr\_fc8c4837._.js:62:5640)
    at async j (C:\Users\HP VICTUS\HenryCo\apps\property\.next\server\chunks\ssr\apps_property_43a93ea8._.js:1:4179) {
  digest: '1911550727'
}
⨯ Error: Missing NEXT_PUBLIC_SUPABASE_URL for the server Supabase client.
    at d (C:\Users\HP VICTUS\HenryCo\apps\property\.next\server\chunks\ssr\_fc8c4837._.js:4:4305)
    at t (C:\Users\HP VICTUS\HenryCo\apps\property\.next\server\chunks\ssr\_fc8c4837._.js:62:5277)
    at async u (C:\Users\HP VICTUS\HenryCo\apps\property\.next\server\chunks\ssr\_fc8c4837._.js:62:5640)
    at async j (C:\Users\HP VICTUS\HenryCo\apps\property\.next\server\chunks\ssr\apps_property_43a93ea8._.js:1:4179) {
  digest: '1911550727'
}
⨯ Error: Missing NEXT_PUBLIC_SUPABASE_URL for the server Supabase client.
    at d (C:\Users\HP VICTUS\HenryCo\apps\property\.next\server\chunks\ssr\_fc8c4837._.js:4:4305)
    at t (C:\Users\HP VICTUS\HenryCo\apps\property\.next\server\chunks\ssr\_fc8c4837._.js:62:5277)
    at async u (C:\Users\HP VICTUS\HenryCo\apps\property\.next\server\chunks\ssr\_fc8c4837._.js:62:5640)
    at async j (C:\Users\HP VICTUS\HenryCo\apps\property\.next\server\chunks\ssr\apps_property_43a93ea8._.js:1:4179) {
  digest: '1911550727'
}
⨯ Error: Missing NEXT_PUBLIC_SUPABASE_URL for the server Supabase client.
    at d (C:\Users\HP VICTUS\HenryCo\apps\property\.next\server\chunks\ssr\_fc8c4837._.js:4:4305)
    at t (C:\Users\HP VICTUS\HenryCo\apps\property\.next\server\chunks\ssr\_fc8c4837._.js:62:5277)
    at async u (C:\Users\HP VICTUS\HenryCo\apps\property\.next\server\chunks\ssr\_fc8c4837._.js:62:5640)
    at async j (C:\Users\HP VICTUS\HenryCo\apps\property\.next\server\chunks\ssr\apps_property_43a93ea8._.js:1:4179) {
  digest: '1911550727'
}
⨯ Error: Missing NEXT_PUBLIC_SUPABASE_URL for the server Supabase client.
    at d (C:\Users\HP VICTUS\HenryCo\apps\property\.next\server\chunks\ssr\_fc8c4837._.js:4:4305)
    at t (C:\Users\HP VICTUS\HenryCo\apps\property\.next\server\chunks\ssr\_fc8c4837._.js:62:5277)
    at async u (C:\Users\HP VICTUS\HenryCo\apps\property\.next\server\chunks\ssr\_fc8c4837._.js:62:5640)
    at async m (C:\Users\HP VICTUS\HenryCo\apps\property\.next\server\chunks\ssr\[root-of-the-server]__78b6f021._.js:1:704) {
  digest: '3494661899'
}
⨯ Error: Missing NEXT_PUBLIC_SUPABASE_URL for the server Supabase client.
    at d (C:\Users\HP VICTUS\HenryCo\apps\property\.next\server\chunks\ssr\_fc8c4837._.js:4:4305)
    at t (C:\Users\HP VICTUS\HenryCo\apps\property\.next\server\chunks\ssr\_fc8c4837._.js:62:5277)
    at async u (C:\Users\HP VICTUS\HenryCo\apps\property\.next\server\chunks\ssr\_fc8c4837._.js:62:5640)
    at async j (C:\Users\HP VICTUS\HenryCo\apps\property\.next\server\chunks\ssr\apps_property_43a93ea8._.js:1:4179) {
  digest: '1911550727'
}
⨯ Error: Missing NEXT_PUBLIC_SUPABASE_URL for the server Supabase client.
    at d (C:\Users\HP VICTUS\HenryCo\apps\property\.next\server\chunks\ssr\_fc8c4837._.js:4:4305)
    at t (C:\Users\HP VICTUS\HenryCo\apps\property\.next\server\chunks\ssr\_fc8c4837._.js:62:5277)
    at async u (C:\Users\HP VICTUS\HenryCo\apps\property\.next\server\chunks\ssr\_fc8c4837._.js:62:5640)
    at async j (C:\Users\HP VICTUS\HenryCo\apps\property\.next\server\chunks\ssr\apps_property_43a93ea8._.js:1:4179) {
  digest: '1911550727'
}
⨯ Error: Missing NEXT_PUBLIC_SUPABASE_URL for the server Supabase client.
    at d (C:\Users\HP VICTUS\HenryCo\apps\property\.next\server\chunks\ssr\_fc8c4837._.js:4:4305)
    at t (C:\Users\HP VICTUS\HenryCo\apps\property\.next\server\chunks\ssr\_fc8c4837._.js:62:5277)
    at async u (C:\Users\HP VICTUS\HenryCo\apps\property\.next\server\chunks\ssr\_fc8c4837._.js:62:5640)
    at async j (C:\Users\HP VICTUS\HenryCo\apps\property\.next\server\chunks\ssr\apps_property_43a93ea8._.js:1:4179) {
  digest: '1911550727'
}
⨯ Error: Missing NEXT_PUBLIC_SUPABASE_URL for the server Supabase client.
    at d (C:\Users\HP VICTUS\HenryCo\apps\property\.next\server\chunks\ssr\_fc8c4837._.js:4:4305)
    at t (C:\Users\HP VICTUS\HenryCo\apps\property\.next\server\chunks\ssr\_fc8c4837._.js:62:5277)
    at async u (C:\Users\HP VICTUS\HenryCo\apps\property\.next\server\chunks\ssr\_fc8c4837._.js:62:5640)
    at async m (C:\Users\HP VICTUS\HenryCo\apps\property\.next\server\chunks\ssr\[root-of-the-server]__78b6f021._.js:1:704) {
  digest: '3494661899'
}
⨯ Error: Missing NEXT_PUBLIC_SUPABASE_URL for the server Supabase client.
    at d (C:\Users\HP VICTUS\HenryCo\apps\property\.next\server\chunks\ssr\_fc8c4837._.js:4:4305)
    at t (C:\Users\HP VICTUS\HenryCo\apps\property\.next\server\chunks\ssr\_fc8c4837._.js:62:5277)
    at async u (C:\Users\HP VICTUS\HenryCo\apps\property\.next\server\chunks\ssr\_fc8c4837._.js:62:5640)
    at async j (C:\Users\HP VICTUS\HenryCo\apps\property\.next\server\chunks\ssr\apps_property_43a93ea8._.js:1:4179) {
  digest: '1911550727'
}
⨯ Error: Missing NEXT_PUBLIC_SUPABASE_URL for the server Supabase client.
    at d (C:\Users\HP VICTUS\HenryCo\apps\property\.next\server\chunks\ssr\_fc8c4837._.js:4:4305)
    at t (C:\Users\HP VICTUS\HenryCo\apps\property\.next\server\chunks\ssr\_fc8c4837._.js:62:5277)
    at async u (C:\Users\HP VICTUS\HenryCo\apps\property\.next\server\chunks\ssr\_fc8c4837._.js:62:5640)
    at async j (C:\Users\HP VICTUS\HenryCo\apps\property\.next\server\chunks\ssr\apps_property_43a93ea8._.js:1:4179) {
  digest: '1911550727'
}
⨯ Error: Missing NEXT_PUBLIC_SUPABASE_URL for the server Supabase client.
    at d (C:\Users\HP VICTUS\HenryCo\apps\property\.next\server\chunks\ssr\_fc8c4837._.js:4:4305)
    at t (C:\Users\HP VICTUS\HenryCo\apps\property\.next\server\chunks\ssr\_fc8c4837._.js:62:5277)
    at async u (C:\Users\HP VICTUS\HenryCo\apps\property\.next\server\chunks\ssr\_fc8c4837._.js:62:5640)
    at async m (C:\Users\HP VICTUS\HenryCo\apps\property\.next\server\chunks\ssr\[root-of-the-server]__78b6f021._.js:1:704) {
  digest: '3494661899'
}
⨯ Error: Missing NEXT_PUBLIC_SUPABASE_URL for the server Supabase client.
    at d (C:\Users\HP VICTUS\HenryCo\apps\property\.next\server\chunks\ssr\_fc8c4837._.js:4:4305)
    at t (C:\Users\HP VICTUS\HenryCo\apps\property\.next\server\chunks\ssr\_fc8c4837._.js:62:5277)
    at async u (C:\Users\HP VICTUS\HenryCo\apps\property\.next\server\chunks\ssr\_fc8c4837._.js:62:5640)
    at async j (C:\Users\HP VICTUS\HenryCo\apps\property\.next\server\chunks\ssr\apps_property_43a93ea8._.js:1:4179) {
  digest: '1911550727'
}
⨯ Error: Missing NEXT_PUBLIC_SUPABASE_URL for the server Supabase client.
    at d (C:\Users\HP VICTUS\HenryCo\apps\property\.next\server\chunks\ssr\_fc8c4837._.js:4:4305)
    at t (C:\Users\HP VICTUS\HenryCo\apps\property\.next\server\chunks\ssr\_fc8c4837._.js:62:5277)
    at async u (C:\Users\HP VICTUS\HenryCo\apps\property\.next\server\chunks\ssr\_fc8c4837._.js:62:5640)
    at async j (C:\Users\HP VICTUS\HenryCo\apps\property\.next\server\chunks\ssr\apps_property_43a93ea8._.js:1:4179) {
  digest: '1911550727'
}
⨯ Error: Missing NEXT_PUBLIC_SUPABASE_URL for the server Supabase client.
    at d (C:\Users\HP VICTUS\HenryCo\apps\property\.next\server\chunks\ssr\_fc8c4837._.js:4:4305)
    at t (C:\Users\HP VICTUS\HenryCo\apps\property\.next\server\chunks\ssr\_fc8c4837._.js:62:5277)
    at async u (C:\Users\HP VICTUS\HenryCo\apps\property\.next\server\chunks\ssr\_fc8c4837._.js:62:5640)
    at async m (C:\Users\HP VICTUS\HenryCo\apps\property\.next\server\chunks\ssr\[root-of-the-server]__78b6f021._.js:1:704) {
  digest: '3494661899'
}
